14:36:12 [INFO] ======================================================================
14:36:12 [INFO] Teacher Policy Training (Phase 1)
14:36:12 [INFO] ======================================================================
14:36:12 [INFO] Output directory: outputs/teacher_rl_test
14:36:12 [INFO] Config file: /mnt/data2/ty/F1-VLA/f1_vla/config/debug_test.yaml
14:36:13 [INFO] Note: detected 256 virtual cores but NumExpr set to maximum of 64, check "NUMEXPR_MAX_THREADS" environment variable.
14:36:13 [INFO] Note: NumExpr detected 256 cores but "NUMEXPR_MAX_THREADS" not set, so enforcing safe limit of 16.
14:36:13 [INFO] NumExpr defaulting to 16 threads.
14:36:13 [INFO] PyTorch version 2.7.1 available.
14:36:15 [INFO] Policy config loaded from: /mnt/data2/ty/F1-VLA/f1_vla/config/f1_config.json
14:36:15 [INFO] Pretrained path: /mnt/data2/ty/F1-VLA/pi0
14:36:15 [INFO] Language tokenizer: /mnt/data2/ty/F1-VLA/paligemma-3b-pt-224
14:36:15 [INFO] Use world model: True
14:36:15 [INFO] Creating model from scratch (debug mode or no pretrained path)
14:37:15 [INFO] Applied LoRA configuration
14:37:15 [INFO] unfreeze_memory_params: unfroze 111 parameter entries (examples up to 200): ['F1FlowMatching.memory_rnn.bias_hh_l0', 'F1FlowMatching.memory_rnn.bias_hh_l1', 'F1FlowMatching.memory_rnn.bias_hh_l2', 'F1FlowMatching.memory_rnn.bias_hh_l3', 'F1FlowMatching.memory_rnn.bias_ih_l0', 'F1FlowMatching.memory_rnn.bias_ih_l1', 'F1FlowMatching.memory_rnn.bias_ih_l2', 'F1FlowMatching.memory_rnn.bias_ih_l3', 'F1FlowMatching.memory_rnn.weight_hh_l0', 'F1FlowMatching.memory_rnn.weight_hh_l1', 'F1FlowMatching.memory_rnn.weight_hh_l2', 'F1FlowMatching.memory_rnn.weight_hh_l3', 'F1FlowMatching.memory_rnn.weight_ih_l0', 'F1FlowMatching.memory_rnn.weight_ih_l1', 'F1FlowMatching.memory_rnn.weight_ih_l2', 'F1FlowMatching.memory_rnn.weight_ih_l3', 'F1FlowMatching.paligemma_with_expert.memory_gru.bias_hh_l0', 'F1FlowMatching.paligemma_with_expert.memory_gru.bias_hh_l1', 'F1FlowMatching.paligemma_with_expert.memory_gru.bias_hh_l2', 'F1FlowMatching.paligemma_with_expert.memory_gru.bias_hh_l3', 'F1FlowMatching.paligemma_with_expert.memory_gru.bias_ih_l0', 'F1FlowMatching.paligemma_with_expert.memory_gru.bias_ih_l1', 'F1FlowMatching.paligemma_with_expert.memory_gru.bias_ih_l2', 'F1FlowMatching.paligemma_with_expert.memory_gru.bias_ih_l3', 'F1FlowMatching.paligemma_with_expert.memory_gru.weight_hh_l0', 'F1FlowMatching.paligemma_with_expert.memory_gru.weight_hh_l1', 'F1FlowMatching.paligemma_with_expert.memory_gru.weight_hh_l2', 'F1FlowMatching.paligemma_with_expert.memory_gru.weight_hh_l3', 'F1FlowMatching.paligemma_with_expert.memory_gru.weight_ih_l0', 'F1FlowMatching.paligemma_with_expert.memory_gru.weight_ih_l1', 'F1FlowMatching.paligemma_with_expert.memory_gru.weight_ih_l2', 'F1FlowMatching.paligemma_with_expert.memory_gru.weight_ih_l3', 'base_model.model.model.action_history_pos_embs', 'base_model.model.model.action_history_proj.bias', 'base_model.model.model.action_history_proj.weight', 'base_model.model.model.memory_rnn.bias_hh_l0', 'base_model.model.model.memory_rnn.bias_hh_l1', 'base_model.model.model.memory_rnn.bias_hh_l2', 'base_model.model.model.memory_rnn.bias_hh_l3', 'base_model.model.model.memory_rnn.bias_ih_l0', 'base_model.model.model.memory_rnn.bias_ih_l1', 'base_model.model.model.memory_rnn.bias_ih_l2', 'base_model.model.model.memory_rnn.bias_ih_l3', 'base_model.model.model.memory_rnn.weight_hh_l0', 'base_model.model.model.memory_rnn.weight_hh_l1', 'base_model.model.model.memory_rnn.weight_hh_l2', 'base_model.model.model.memory_rnn.weight_hh_l3', 'base_model.model.model.memory_rnn.weight_ih_l0', 'base_model.model.model.memory_rnn.weight_ih_l1', 'base_model.model.model.memory_rnn.weight_ih_l2', 'base_model.model.model.memory_rnn.weight_ih_l3', 'base_model.model.model.memory_to_wm.bias', 'base_model.model.model.memory_to_wm.weight', 'base_model.model.model.paligemma_with_expert.memory_gru.bias_hh_l0', 'base_model.model.model.paligemma_with_expert.memory_gru.bias_hh_l1', 'base_model.model.model.paligemma_with_expert.memory_gru.bias_hh_l2', 'base_model.model.model.paligemma_with_expert.memory_gru.bias_hh_l3', 'base_model.model.model.paligemma_with_expert.memory_gru.bias_ih_l0', 'base_model.model.model.paligemma_with_expert.memory_gru.bias_ih_l1', 'base_model.model.model.paligemma_with_expert.memory_gru.bias_ih_l2', 'base_model.model.model.paligemma_with_expert.memory_gru.bias_ih_l3', 'base_model.model.model.paligemma_with_expert.memory_gru.weight_hh_l0', 'base_model.model.model.paligemma_with_expert.memory_gru.weight_hh_l1', 'base_model.model.model.paligemma_with_expert.memory_gru.weight_hh_l2', 'base_model.model.model.paligemma_with_expert.memory_gru.weight_hh_l3', 'base_model.model.model.paligemma_with_expert.memory_gru.weight_ih_l0', 'base_model.model.model.paligemma_with_expert.memory_gru.weight_ih_l1', 'base_model.model.model.paligemma_with_expert.memory_gru.weight_ih_l2', 'base_model.model.model.paligemma_with_expert.memory_gru.weight_ih_l3', 'base_model.model.model.paligemma_with_expert.memory_to_gemma.bias', 'base_model.model.model.paligemma_with_expert.memory_to_gemma.weight', 'base_model.model.model.paligemma_with_expert.memory_to_gemma_wm.bias', 'base_model.model.model.paligemma_with_expert.memory_to_gemma_wm.weight', 'memory_rnn.bias_hh_l0', 'memory_rnn.bias_hh_l1', 'memory_rnn.bias_hh_l2', 'memory_rnn.bias_hh_l3', 'memory_rnn.bias_ih_l0', 'memory_rnn.bias_ih_l1', 'memory_rnn.bias_ih_l2', 'memory_rnn.bias_ih_l3', 'memory_rnn.weight_hh_l0', 'memory_rnn.weight_hh_l1', 'memory_rnn.weight_hh_l2', 'memory_rnn.weight_hh_l3', 'memory_rnn.weight_ih_l0', 'memory_rnn.weight_ih_l1', 'memory_rnn.weight_ih_l2', 'memory_rnn.weight_ih_l3', 'memory_to_wm.bias', 'memory_to_wm.weight', 'paligemma_with_expert.memory_gru.bias_hh_l0', 'paligemma_with_expert.memory_gru.bias_hh_l1', 'paligemma_with_expert.memory_gru.bias_hh_l2', 'paligemma_with_expert.memory_gru.bias_hh_l3', 'paligemma_with_expert.memory_gru.bias_ih_l0', 'paligemma_with_expert.memory_gru.bias_ih_l1', 'paligemma_with_expert.memory_gru.bias_ih_l2', 'paligemma_with_expert.memory_gru.bias_ih_l3', 'paligemma_with_expert.memory_gru.weight_hh_l0', 'paligemma_with_expert.memory_gru.weight_hh_l1', 'paligemma_with_expert.memory_gru.weight_hh_l2', 'paligemma_with_expert.memory_gru.weight_hh_l3', 'paligemma_with_expert.memory_gru.weight_ih_l0', 'paligemma_with_expert.memory_gru.weight_ih_l1', 'paligemma_with_expert.memory_gru.weight_ih_l2', 'paligemma_with_expert.memory_gru.weight_ih_l3', 'paligemma_with_expert.memory_to_gemma.bias', 'paligemma_with_expert.memory_to_gemma.weight', 'paligemma_with_expert.memory_to_gemma_wm.bias', 'paligemma_with_expert.memory_to_gemma_wm.weight']
14:37:15 [INFO] Unfrozen 111 memory-related parameters
14:37:18 [INFO] Model loaded successfully
14:37:18 [INFO] Model config: use_world_model=True
14:37:18 [INFO] World model: obs_img_steps=12, pred_img_steps=3
14:37:18 [INFO] World model config: obs_img_steps=12, pred_img_steps=3
14:37:18 [INFO] Number of trainable parameters: 365
14:37:18 [INFO] Total trainable params: 196,508,704
14:37:18 [INFO] Starting teacher training for 2 episodes
14:37:18 [INFO] Starting from episode: 0
14:37:18 [INFO] Steps per episode: 3
14:37:18 [INFO] Batch size: 1
14:37:18 [INFO] Gradient accumulation: 4
/home/user/miniconda3/envs/f1/lib/python3.10/site-packages/sapien/__init__.py:2: UserWarning: pkg_resources is deprecated as an API. See https://setuptools.pypa.io/en/latest/pkg_resources.html. The pkg_resources package is slated for removal as early as 2025-11-30. Refrain from using this package or pin to Setuptools<81.
  import pkg_resources
14:37:25 [INFO] Environment variable for CUROBO_TORCH_COMPILE is not set, Disabling.
14:37:25 [INFO] Environment variable for CUROBO_TORCH_COMPILE is not set, Disabling.
14:37:25 [INFO] Environment variable for CUROBO_TORCH_COMPILE is not set, Disabling.
14:37:25 [INFO] Environment variable for CUROBO_TORCH_COMPILE is not set, Disabling.
14:37:25 [INFO] Environment variable for CUROBO_TORCH_COMPILE is not set, Disabling.
14:37:25 [INFO] Environment variable for CUROBO_TORCH_COMPILE is not set, Disabling.
14:37:25 [INFO] Environment variable for CUROBO_TORCH_COMPILE is not set, Disabling.
14:37:25 [INFO] Environment variable for CUROBO_TORCH_COMPILE is not set, Disabling.
14:37:25 [INFO] Environment variable for CUROBO_TORCH_COMPILE is not set, Disabling.
14:37:25 [INFO] Environment variable for CUROBO_TORCH_COMPILE is not set, Disabling.
14:37:25 [INFO] Environment variable for CUROBO_TORCH_COMPILE is not set, Disabling.
14:37:25 [INFO] Environment variable for CUROBO_TORCH_COMPILE is not set, Disabling.
14:37:25 [INFO] Environment variable for CUROBO_TORCH_COMPILE is not set, Disabling.
14:37:25 [INFO] Environment variable for CUROBO_TORCH_COMPILE is not set, Disabling.
14:37:25 [INFO] Environment variable for CUROBO_TORCH_COMPILE is not set, Disabling.
14:37:25 [INFO] Environment variable for CUROBO_TORCH_COMPILE is not set, Disabling.
14:37:25 [INFO] Environment variable for CUROBO_TORCH_COMPILE is not set, Disabling.
14:37:25 [WARNING] kinematics_fused_cu not found, JIT compiling...
/home/user/miniconda3/envs/f1/lib/python3.10/site-packages/torch/utils/cpp_extension.py:2356: UserWarning: TORCH_CUDA_ARCH_LIST is not set, all archs for visible cards are included for compilation. 
If this is not desired, please set os.environ['TORCH_CUDA_ARCH_LIST'].
  warnings.warn(
[93mFreeze vision encoder: True[0m
[93mFreeze gen expert: False[0m
[93mTrain act expert only: False[0m
[93mTrain gen expert only: False[0m
14:38:12 [INFO] USDParser failed to import, install curobo with pip install .[usd] or pip install usd-core, NOTE: Do not install this if using with Isaac Sim.
14:38:12 [WARNING] geom_cu binary not found, jit compiling...
/home/user/miniconda3/envs/f1/lib/python3.10/site-packages/torch/utils/cpp_extension.py:2356: UserWarning: TORCH_CUDA_ARCH_LIST is not set, all archs for visible cards are included for compilation. 
If this is not desired, please set os.environ['TORCH_CUDA_ARCH_LIST'].
  warnings.warn(
14:39:10 [INFO] Environment variable for CUROBO_TORCH_COMPILE is not set, Disabling.
14:39:10 [INFO] Environment variable for CUROBO_TORCH_COMPILE is not set, Disabling.
14:39:11 [INFO] Environment variable for CUROBO_TORCH_COMPILE is not set, Disabling.
14:39:11 [INFO] Environment variable for CUROBO_TORCH_COMPILE is not set, Disabling.
14:39:11 [INFO] Environment variable for CUROBO_USE_LRU_CACHE is not set, Enabling as default.
14:39:11 [INFO] Environment variable for CUROBO_USE_LRU_CACHE is not set, Enabling as default.
14:39:11 [INFO] Environment variable for CUROBO_TORCH_COMPILE is not set, Disabling.
14:39:11 [INFO] Environment variable for CUROBO_TORCH_COMPILE is not set, Disabling.
14:39:11 [INFO] Environment variable for CUROBO_TORCH_COMPILE is not set, Disabling.
14:39:11 [INFO] Environment variable for CUROBO_TORCH_COMPILE is not set, Disabling.
14:39:11 [INFO] Environment variable for CUROBO_TORCH_COMPILE is not set, Disabling.
14:39:11 [INFO] Environment variable for CUROBO_TORCH_COMPILE is not set, Disabling.
14:39:11 [INFO] Environment variable for CUROBO_USE_LRU_CACHE is not set, Enabling as default.
14:39:11 [INFO] Environment variable for CUROBO_TORCH_COMPILE is not set, Disabling.
14:39:11 [INFO] Environment variable for CUROBO_TORCH_COMPILE is not set, Disabling.
14:39:11 [WARNING] tensor_step_cu not found, jit compiling...
/home/user/miniconda3/envs/f1/lib/python3.10/site-packages/torch/utils/cpp_extension.py:2356: UserWarning: TORCH_CUDA_ARCH_LIST is not set, all archs for visible cards are included for compilation. 
If this is not desired, please set os.environ['TORCH_CUDA_ARCH_LIST'].
  warnings.warn(
14:39:55 [INFO] Environment variable for CUROBO_TORCH_COMPILE is not set, Disabling.
14:39:55 [INFO] Environment variable for CUROBO_TORCH_COMPILE is not set, Disabling.
14:39:55 [INFO] Environment variable for CUROBO_TORCH_COMPILE is not set, Disabling.
14:39:55 [INFO] Environment variable for CUROBO_TORCH_COMPILE is not set, Disabling.
14:39:55 [INFO] Environment variable for CUROBO_TORCH_COMPILE is not set, Disabling.
14:39:55 [INFO] Environment variable for CUROBO_TORCH_COMPILE is not set, Disabling.
14:39:55 [INFO] Environment variable for CUROBO_TORCH_COMPILE is not set, Disabling.
14:39:55 [INFO] Environment variable for CUROBO_TORCH_COMPILE is not set, Disabling.
14:39:55 [INFO] Environment variable for CUROBO_TORCH_COMPILE is not set, Disabling.
14:39:55 [INFO] Environment variable for CUROBO_TORCH_COMPILE is not set, Disabling.
14:39:55 [INFO] Environment variable for CUROBO_TORCH_COMPILE is not set, Disabling.
14:39:55 [INFO] Environment variable for CUROBO_TORCH_COMPILE is not set, Disabling.
14:39:55 [INFO] Environment variable for CUROBO_TORCH_COMPILE is not set, Disabling.
14:39:56 [INFO] Environment variable for CUROBO_TORCH_COMPILE is not set, Disabling.
14:39:56 [INFO] Environment variable for CUROBO_TORCH_COMPILE is not set, Disabling.
14:39:56 [INFO] Environment variable for CUROBO_TORCH_COMPILE is not set, Disabling.
14:39:56 [INFO] Environment variable for CUROBO_TORCH_COMPILE is not set, Disabling.
14:39:56 [INFO] Environment variable for CUROBO_TORCH_COMPILE is not set, Disabling.
14:39:56 [INFO] Environment variable for CUROBO_TORCH_COMPILE is not set, Disabling.
14:39:56 [INFO] Environment variable for CUROBO_TORCH_COMPILE is not set, Disabling.
14:39:56 [INFO] Environment variable for CUROBO_TORCH_COMPILE is not set, Disabling.
14:39:56 [INFO] Environment variable for CUROBO_TORCH_COMPILE is not set, Disabling.
14:39:56 [INFO] Environment variable for CUROBO_TORCH_COMPILE is not set, Disabling.
14:39:56 [INFO] Environment variable for CUROBO_TORCH_COMPILE is not set, Disabling.
14:39:56 [INFO] Environment variable for CUROBO_TORCH_COMPILE is not set, Disabling.
14:39:56 [INFO] Environment variable for CUROBO_TORCH_COMPILE is not set, Disabling.
14:39:56 [INFO] Environment variable for CUROBO_TORCH_COMPILE is not set, Disabling.
14:39:56 [INFO] Environment variable for CUROBO_TORCH_COMPILE is not set, Disabling.
14:39:56 [INFO] Environment variable for CUROBO_TORCH_COMPILE is not set, Disabling.
14:39:56 [INFO] Environment variable for CUROBO_TORCH_COMPILE is not set, Disabling.
14:39:56 [INFO] Environment variable for CUROBO_TORCH_COMPILE is not set, Disabling.
14:39:56 [INFO] Environment variable for CUROBO_TORCH_COMPILE is not set, Disabling.
14:39:56 [WARNING] lbfgs_step_cu not found, JIT compiling...
/home/user/miniconda3/envs/f1/lib/python3.10/site-packages/torch/utils/cpp_extension.py:2356: UserWarning: TORCH_CUDA_ARCH_LIST is not set, all archs for visible cards are included for compilation. 
If this is not desired, please set os.environ['TORCH_CUDA_ARCH_LIST'].
  warnings.warn(
14:41:01 [WARNING] line_search_cu not found, JIT compiling...
/home/user/miniconda3/envs/f1/lib/python3.10/site-packages/torch/utils/cpp_extension.py:2356: UserWarning: TORCH_CUDA_ARCH_LIST is not set, all archs for visible cards are included for compilation. 
If this is not desired, please set os.environ['TORCH_CUDA_ARCH_LIST'].
  warnings.warn(
14:41:50 [INFO] Environment variable for CUROBO_TORCH_COMPILE is not set, Disabling.
14:41:50 [INFO] Environment variable for CUROBO_TORCH_COMPILE is not set, Disabling.
14:41:50 [INFO] Environment variable for CUROBO_TORCH_COMPILE is not set, Disabling.
14:41:50 [INFO] Environment variable for CUROBO_TORCH_COMPILE is not set, Disabling.
14:41:50 [INFO] Environment variable for CUROBO_TORCH_COMPILE is not set, Disabling.
14:41:50 [INFO] Environment variable for CUROBO_TORCH_COMPILE is not set, Disabling.
14:41:50 [INFO] Environment variable for CUROBO_TORCH_COMPILE is not set, Disabling.
14:41:50 [INFO] Environment variable for CUROBO_TORCH_COMPILE is not set, Disabling.
14:41:50 [INFO] Environment variable for CUROBO_TORCH_COMPILE is not set, Disabling.
14:41:50 [INFO] Environment variable for CUROBO_TORCH_COMPILE is not set, Disabling.
14:41:50 [INFO] Environment variable for CUROBO_TORCH_COMPILE is not set, Disabling.
14:41:50 [INFO] Environment variable for CUROBO_TORCH_COMPILE is not set, Disabling.
14:41:50 [INFO] Environment variable for CUROBO_TORCH_COMPILE is not set, Disabling.
14:41:50 [INFO] Environment variable for CUROBO_TORCH_COMPILE is not set, Disabling.
14:41:50 [INFO] Environment variable for CUROBO_TORCH_COMPILE is not set, Disabling.
14:41:50 [INFO] Environment variable for CUROBO_TORCH_COMPILE is not set, Disabling.
14:41:50 [INFO] Environment variable for CUROBO_TORCH_COMPILE is not set, Disabling.
14:41:50 [INFO] Environment variable for CUROBO_TORCH_COMPILE is not set, Disabling.
14:41:50 [INFO] Environment variable for CUROBO_TORCH_COMPILE is not set, Disabling.
14:41:50 [INFO] Environment variable for CUROBO_TORCH_COMPILE is not set, Disabling.
14:41:50 [INFO] Environment variable for CUROBO_TORCH_COMPILE is not set, Disabling.
14:41:50 [INFO] F1RLEnv initializing: phase=teacher, history_length=4, max_steps=3, image_size=(224, 224)
14:41:50 [INFO] F1RLEnv initialized successfully for phase: teacher
14:41:50 [INFO] Environment setup complete
14:41:50 [INFO] Loaded embodiment config: left=/mnt/data2/ty/F1-VLA/RoboTwin/assets/embodiments/franka-panda/, right=/mnt/data2/ty/F1-VLA/RoboTwin/assets/embodiments/franka-panda/
14:41:52 [INFO]     [1/5] Creating table and wall...
14:41:52 [INFO]     [2/5] Loading robot...
14:41:53 [INFO] Self Collision threads, skipped %: 60.67307692307692
14:41:53 [INFO] Self Collision count: 818.0
14:41:53 [INFO] Self Collision per thread: 0.798828125
14:41:53 [INFO] Self Collision using: 2
14:41:53 [INFO] Creating Obb cache1
14:41:53 [INFO] *******USING EXISTING COLLISION CHECKER***********
14:41:53 [INFO] *******USING EXISTING COLLISION CHECKER***********
14:41:53 [INFO] *******USING EXISTING COLLISION CHECKER***********
14:41:53 [INFO] *******USING EXISTING COLLISION CHECKER***********
14:41:53 [INFO] breaking reference
14:41:53 [INFO] breaking reference
14:41:53 [INFO] breaking reference
14:41:53 [INFO] breaking reference
14:41:53 [INFO] Updating problem kernel [n_problems: 1 , num_particles: 25 ]
14:41:53 [INFO] ParallelMPPI: Updating sample set
14:41:53 [INFO] ParallelMPPI: Resetting sample iterations
14:41:53 [INFO] Updating problem kernel [n_problems: 1 , num_particles: 4 ]
14:41:53 [INFO] Updating problem kernel [n_problems: 1 , num_particles: 4 ]
14:41:53 [INFO] Using cuda graph for metrics is experimental. If you encounter CUDA errors,                     please disable it.
14:41:53 [INFO] Using cuda graph for metrics is experimental. If you encounter CUDA errors,                     please disable it.
14:41:53 [INFO] *******USING EXISTING COLLISION CHECKER***********
14:41:53 [INFO] *******USING EXISTING COLLISION CHECKER***********
14:41:53 [INFO] *******USING EXISTING COLLISION CHECKER***********
14:41:53 [INFO] *******USING EXISTING COLLISION CHECKER***********
14:41:53 [INFO] *******USING EXISTING COLLISION CHECKER***********
14:41:53 [INFO] *******USING EXISTING COLLISION CHECKER***********
14:41:53 [INFO] *******USING EXISTING COLLISION CHECKER***********
14:41:53 [INFO] breaking reference
14:41:53 [INFO] breaking reference
14:41:53 [INFO] breaking reference
14:41:53 [INFO] breaking reference
14:41:53 [INFO] breaking reference
14:41:53 [INFO] Updating problem kernel [n_problems: 1 , num_particles: 25 ]
14:41:53 [INFO] ParallelMPPI: Updating sample set
14:41:53 [INFO] ParallelMPPI: Resetting sample iterations
14:41:53 [INFO] Updating problem kernel [n_problems: 1 , num_particles: 4 ]
14:41:53 [INFO] Updating problem kernel [n_problems: 1 , num_particles: 4 ]
14:41:53 [INFO] *******USING EXISTING COLLISION CHECKER***********
14:41:53 [INFO] *******USING EXISTING COLLISION CHECKER***********
14:41:53 [INFO] *******USING EXISTING COLLISION CHECKER***********
14:41:53 [INFO] *******USING EXISTING COLLISION CHECKER***********
14:41:53 [INFO] *******USING EXISTING COLLISION CHECKER***********
14:41:53 [INFO] breaking reference
14:41:53 [INFO] breaking reference
14:41:53 [INFO] breaking reference
14:41:53 [INFO] breaking reference
14:41:53 [INFO] breaking reference
14:41:53 [INFO] Updating problem kernel [n_problems: 1 , num_particles: 25 ]
14:41:53 [INFO] ParallelMPPI: Updating sample set
14:41:53 [INFO] ParallelMPPI: Resetting sample iterations
14:41:53 [INFO] Updating problem kernel [n_problems: 1 , num_particles: 4 ]
14:41:53 [INFO] Updating problem kernel [n_problems: 1 , num_particles: 4 ]
14:41:53 [INFO] *******USING EXISTING COLLISION CHECKER***********
14:41:53 [INFO] *******USING EXISTING COLLISION CHECKER***********
14:41:53 [INFO] *******USING EXISTING COLLISION CHECKER***********
14:41:53 [INFO] *******USING EXISTING COLLISION CHECKER***********
14:41:53 [INFO] *******USING EXISTING COLLISION CHECKER***********
14:41:53 [INFO] breaking reference
14:41:53 [INFO] breaking reference
14:41:53 [INFO] breaking reference
14:41:53 [INFO] breaking reference
14:41:53 [INFO] Updating problem kernel [n_problems: 1 , num_particles: 4 ]
14:41:53 [INFO] Updating problem kernel [n_problems: 1 , num_particles: 4 ]
14:41:53 [INFO] Updating problem kernel [n_problems: 2 , num_particles: 4 ]
14:41:53 [INFO] *******USING EXISTING COLLISION CHECKER***********
14:41:53 [INFO] *******USING EXISTING COLLISION CHECKER***********
14:41:53 [INFO] *******USING EXISTING COLLISION CHECKER***********
14:41:53 [INFO] *******USING EXISTING COLLISION CHECKER***********
14:41:53 [INFO] *******USING EXISTING COLLISION CHECKER***********
14:41:53 [INFO] breaking reference
14:41:53 [INFO] breaking reference
14:41:53 [INFO] breaking reference
14:41:53 [INFO] breaking reference
14:41:53 [INFO] Updating problem kernel [n_problems: 1 , num_particles: 4 ]
14:41:53 [INFO] Updating problem kernel [n_problems: 1 , num_particles: 4 ]
14:41:53 [INFO] Warmup
14:41:53 [INFO] MG: running TO
14:41:53 [INFO] TrajOpt: solving with Pose batch:1
14:41:53 [INFO] breaking reference
14:41:53 [INFO] breaking reference
14:41:53 [INFO] breaking reference
14:41:53 [INFO] Updating safety params
14:41:53 [INFO] breaking reference
14:41:53 [INFO] Updating optimizer params
14:41:53 [INFO] breaking reference
14:41:53 [INFO] breaking reference
14:41:53 [INFO] Solver was not initialized, warming up solver
14:41:53 [INFO] ParticleOptBase: Creating Cuda Graph
14:41:53 [INFO] Updating state_seq buffer reference (created new tensor)
14:41:54 [INFO] Updating state_seq buffer reference (created new tensor)
14:41:55 [INFO] Ran TO
14:41:55 [INFO] TrajOpt: solving with Pose batch:1
14:41:55 [INFO] breaking reference
14:41:55 [INFO] breaking reference
14:41:55 [INFO] breaking reference
14:41:55 [INFO] Updating safety params
14:41:55 [INFO] breaking reference
14:41:55 [INFO] Updating optimizer params
14:41:55 [INFO] breaking reference
14:41:55 [INFO] Solver was not initialized, warming up solver
14:41:55 [INFO] Updating state_seq buffer reference (created new tensor)
14:41:55 [INFO] Ran TO
14:41:56 [INFO] MG: running TO
14:41:56 [INFO] TrajOpt: solving with Pose batch:1
14:41:56 [INFO] Updating safety params
14:41:56 [INFO] Updating optimizer params
14:41:56 [INFO] Ran TO
14:41:56 [INFO] TrajOpt: solving with Pose batch:1
14:41:56 [INFO] Updating safety params
14:41:56 [INFO] Updating optimizer params
14:41:56 [INFO] Ran TO
14:41:56 [INFO] MG: running TO
14:41:56 [INFO] TrajOpt: solving with Pose batch:1
14:41:56 [INFO] Updating safety params
14:41:56 [INFO] Updating optimizer params
14:41:56 [INFO] Ran TO
14:41:56 [INFO] TrajOpt: solving with Pose batch:1
14:41:56 [INFO] Updating safety params
14:41:56 [INFO] Updating optimizer params
14:41:56 [INFO] Ran TO
14:41:56 [INFO] Updating state_seq buffer reference (created new tensor)
14:41:56 [INFO] Updating state_seq buffer reference (created new tensor)
14:41:56 [INFO] Updating state_seq buffer reference (created new tensor)
14:41:57 [INFO] Updating state_seq buffer reference (created new tensor)
14:41:57 [INFO] Updating state_seq buffer reference (created new tensor)
14:41:57 [INFO] Updating state_seq buffer reference (created new tensor)
14:41:57 [INFO] Updating state_seq buffer reference (created new tensor)
14:41:57 [INFO] Planning for Single Goal: 1
14:41:57 [INFO] Updating state_seq buffer reference (created new tensor)
14:41:57 [INFO] MG Iter: 0
14:41:57 [INFO] Updating problem kernel [n_problems: 32 , num_particles: 25 ]
14:41:57 [INFO] Updating problem kernel [n_problems: 32 , num_particles: 4 ]
14:41:57 [INFO] ParallelMPPI: Updating sample set
14:41:57 [INFO] Updating safety params
14:41:57 [INFO] Cloning math.Pose
14:41:57 [INFO] Updating optimizer params
14:41:57 [INFO] Cloning math.Pose
14:41:57 [INFO] Cloning math.Pose
14:41:57 [INFO] Solver was not initialized, warming up solver
14:41:57 [INFO] ParticleOptBase: Creating Cuda Graph
14:41:57 [INFO] Updating state_seq buffer reference (created new tensor)
14:41:57 [INFO] Updating state_seq buffer reference (created new tensor)
14:41:58 [INFO] MG: running TO
14:41:58 [INFO] TrajOpt: solving with Pose batch:1
14:41:58 [INFO] Cloning math.Pose
14:41:58 [INFO] breaking reference
14:41:58 [INFO] Cloning math.Pose
14:41:58 [INFO] Updating safety params
14:41:58 [INFO] Cloning math.Pose
14:41:58 [INFO] Updating optimizer params
14:41:58 [INFO] Cloning math.Pose
14:41:58 [INFO] Cloning math.Pose
14:41:58 [INFO] Solver was not initialized, warming up solver
14:41:58 [INFO] ParticleOptBase: Creating Cuda Graph
14:41:58 [INFO] Updating state_seq buffer reference (created new tensor)
14:41:59 [INFO] Updating state_seq buffer reference (created new tensor)
14:41:59 [INFO] Ran TO
14:41:59 [INFO] TrajOpt: solving with Pose batch:1
14:41:59 [INFO] Cloning math.Pose
14:41:59 [INFO] breaking reference
14:41:59 [INFO] Updating problem kernel [n_problems: 1 , num_particles: 4 ]
14:41:59 [INFO] Cloning math.Pose
14:41:59 [INFO] Updating safety params
14:41:59 [INFO] Cloning math.Pose
14:41:59 [INFO] Updating optimizer params
14:41:59 [INFO] Cloning math.Pose
14:41:59 [INFO] Solver was not initialized, warming up solver
14:41:59 [INFO] Updating state_seq buffer reference (created new tensor)
14:42:00 [INFO] Ran TO
14:42:00 [INFO] Planning for Single Goal: 1
14:42:00 [INFO] MG Iter: 0
14:42:00 [INFO] Updating safety params
14:42:00 [INFO] Cloning JointState (breaks ref pointer)
14:42:00 [INFO] Cloning JointState (breaks ref pointer)
14:42:00 [INFO] Updating optimizer params
14:42:00 [INFO] Cloning JointState (breaks ref pointer)
14:42:00 [INFO] Cloning JointState (breaks ref pointer)
14:42:00 [INFO] Cloning JointState (breaks ref pointer)
14:42:00 [INFO] Cloning JointState (breaks ref pointer)
14:42:00 [INFO] MG: running TO
14:42:00 [INFO] TrajOpt: solving with Pose batch:1
14:42:00 [INFO] Updating safety params
14:42:00 [INFO] Updating optimizer params
14:42:00 [INFO] Ran TO
14:42:00 [INFO] TrajOpt: solving with Pose batch:1
14:42:00 [INFO] Updating safety params
14:42:00 [INFO] Updating optimizer params
14:42:00 [INFO] Ran TO
14:42:00 [INFO] Planning for Single Goal: 1
14:42:00 [INFO] MG Iter: 0
14:42:00 [INFO] Updating safety params
14:42:00 [INFO] Updating optimizer params
14:42:00 [INFO] MG: running TO
14:42:00 [INFO] TrajOpt: solving with Pose batch:1
14:42:00 [INFO] Updating safety params
14:42:00 [INFO] Updating optimizer params
14:42:00 [INFO] Ran TO
14:42:00 [INFO] TrajOpt: solving with Pose batch:1
14:42:00 [INFO] Updating safety params
14:42:00 [INFO] Updating optimizer params
14:42:00 [INFO] Ran TO
14:42:00 [INFO] Planning for Single Goal: 1
14:42:00 [INFO] MG Iter: 0
14:42:00 [INFO] Updating safety params
14:42:00 [INFO] Updating optimizer params
14:42:00 [INFO] MG: running GP
14:42:00 [INFO] Updating state_seq buffer reference (created new tensor)
14:42:00 [INFO] trajectory_smoothing package not found, InterpolateType.KUNZ_STILMAN_OPTIMAL is disabled. to enable, try installing curobo with pip install .[smooth]
14:42:00 [INFO] MG: GP Success
14:42:00 [INFO] MG: running TO
14:42:00 [INFO] TrajOpt: solving with Pose batch:1
14:42:00 [INFO] Updating safety params
14:42:00 [INFO] Updating optimizer params
14:42:00 [INFO] Ran TO
14:42:00 [INFO] TrajOpt: solving with Pose batch:1
14:42:00 [INFO] Updating safety params
14:42:00 [INFO] Updating optimizer params
14:42:00 [INFO] Ran TO
14:42:00 [INFO] Warmup complete
14:42:00 [INFO] Self Collision threads, skipped %: 60.67307692307692
14:42:00 [INFO] Self Collision count: 818.0
14:42:00 [INFO] Self Collision per thread: 0.798828125
14:42:00 [INFO] Self Collision using: 2
14:42:00 [INFO] Creating Obb cache1
14:42:00 [INFO] *******USING EXISTING COLLISION CHECKER***********
14:42:00 [INFO] *******USING EXISTING COLLISION CHECKER***********
14:42:00 [INFO] *******USING EXISTING COLLISION CHECKER***********
14:42:00 [INFO] *******USING EXISTING COLLISION CHECKER***********
14:42:00 [INFO] breaking reference
14:42:00 [INFO] breaking reference
14:42:00 [INFO] breaking reference
14:42:00 [INFO] breaking reference
14:42:00 [INFO] Updating problem kernel [n_problems: 1 , num_particles: 25 ]
14:42:00 [INFO] ParallelMPPI: Updating sample set
14:42:00 [INFO] ParallelMPPI: Resetting sample iterations
14:42:00 [INFO] Updating problem kernel [n_problems: 1 , num_particles: 4 ]
14:42:00 [INFO] Updating problem kernel [n_problems: 1 , num_particles: 4 ]
14:42:00 [INFO] Using cuda graph for metrics is experimental. If you encounter CUDA errors,                     please disable it.
14:42:00 [INFO] Using cuda graph for metrics is experimental. If you encounter CUDA errors,                     please disable it.
14:42:00 [INFO] *******USING EXISTING COLLISION CHECKER***********
14:42:00 [INFO] *******USING EXISTING COLLISION CHECKER***********
14:42:00 [INFO] *******USING EXISTING COLLISION CHECKER***********
14:42:00 [INFO] *******USING EXISTING COLLISION CHECKER***********
14:42:00 [INFO] *******USING EXISTING COLLISION CHECKER***********
14:42:00 [INFO] *******USING EXISTING COLLISION CHECKER***********
14:42:00 [INFO] *******USING EXISTING COLLISION CHECKER***********
14:42:00 [INFO] breaking reference
14:42:00 [INFO] breaking reference
14:42:00 [INFO] breaking reference
14:42:00 [INFO] breaking reference
14:42:00 [INFO] breaking reference
14:42:00 [INFO] Updating problem kernel [n_problems: 1 , num_particles: 25 ]
14:42:00 [INFO] ParallelMPPI: Updating sample set
14:42:00 [INFO] ParallelMPPI: Resetting sample iterations
14:42:00 [INFO] Updating problem kernel [n_problems: 1 , num_particles: 4 ]
14:42:00 [INFO] Updating problem kernel [n_problems: 1 , num_particles: 4 ]
14:42:00 [INFO] *******USING EXISTING COLLISION CHECKER***********
14:42:00 [INFO] *******USING EXISTING COLLISION CHECKER***********
14:42:00 [INFO] *******USING EXISTING COLLISION CHECKER***********
14:42:00 [INFO] *******USING EXISTING COLLISION CHECKER***********
14:42:00 [INFO] *******USING EXISTING COLLISION CHECKER***********
14:42:00 [INFO] breaking reference
14:42:00 [INFO] breaking reference
14:42:00 [INFO] breaking reference
14:42:00 [INFO] breaking reference
14:42:00 [INFO] breaking reference
14:42:00 [INFO] Updating problem kernel [n_problems: 1 , num_particles: 25 ]
14:42:01 [INFO] ParallelMPPI: Updating sample set
14:42:01 [INFO] ParallelMPPI: Resetting sample iterations
14:42:01 [INFO] Updating problem kernel [n_problems: 1 , num_particles: 4 ]
14:42:01 [INFO] Updating problem kernel [n_problems: 1 , num_particles: 4 ]
14:42:01 [INFO] *******USING EXISTING COLLISION CHECKER***********
14:42:01 [INFO] *******USING EXISTING COLLISION CHECKER***********
14:42:01 [INFO] *******USING EXISTING COLLISION CHECKER***********
14:42:01 [INFO] *******USING EXISTING COLLISION CHECKER***********
14:42:01 [INFO] *******USING EXISTING COLLISION CHECKER***********
14:42:01 [INFO] breaking reference
14:42:01 [INFO] breaking reference
14:42:01 [INFO] breaking reference
14:42:01 [INFO] breaking reference
14:42:01 [INFO] Updating problem kernel [n_problems: 1 , num_particles: 4 ]
14:42:01 [INFO] Updating problem kernel [n_problems: 1 , num_particles: 4 ]
14:42:01 [INFO] Updating problem kernel [n_problems: 2 , num_particles: 4 ]
14:42:01 [INFO] *******USING EXISTING COLLISION CHECKER***********
14:42:01 [INFO] *******USING EXISTING COLLISION CHECKER***********
14:42:01 [INFO] *******USING EXISTING COLLISION CHECKER***********
14:42:01 [INFO] *******USING EXISTING COLLISION CHECKER***********
14:42:01 [INFO] *******USING EXISTING COLLISION CHECKER***********
14:42:01 [INFO] breaking reference
14:42:01 [INFO] breaking reference
14:42:01 [INFO] breaking reference
14:42:01 [INFO] breaking reference
14:42:01 [INFO] Updating problem kernel [n_problems: 1 , num_particles: 4 ]
14:42:01 [INFO] Updating problem kernel [n_problems: 1 , num_particles: 4 ]
14:42:01 [INFO] Warmup
14:42:01 [INFO] MG: running TO
14:42:01 [INFO] TrajOpt: solving with Pose batch:1
14:42:01 [INFO] breaking reference
14:42:01 [INFO] breaking reference
14:42:01 [INFO] breaking reference
14:42:01 [INFO] Updating safety params
14:42:01 [INFO] breaking reference
14:42:01 [INFO] Updating optimizer params
14:42:01 [INFO] breaking reference
14:42:01 [INFO] breaking reference
14:42:01 [INFO] Solver was not initialized, warming up solver
14:42:01 [INFO] ParticleOptBase: Creating Cuda Graph
14:42:01 [INFO] Updating state_seq buffer reference (created new tensor)
14:42:01 [INFO] Updating state_seq buffer reference (created new tensor)
14:42:02 [INFO] Ran TO
14:42:02 [INFO] TrajOpt: solving with Pose batch:1
14:42:02 [INFO] breaking reference
14:42:02 [INFO] breaking reference
14:42:02 [INFO] breaking reference
14:42:02 [INFO] Updating safety params
14:42:02 [INFO] breaking reference
14:42:02 [INFO] Updating optimizer params
14:42:02 [INFO] breaking reference
14:42:02 [INFO] Solver was not initialized, warming up solver
14:42:02 [INFO] Updating state_seq buffer reference (created new tensor)
14:42:02 [INFO] Ran TO
14:42:02 [INFO] MG: running TO
14:42:02 [INFO] TrajOpt: solving with Pose batch:1
14:42:02 [INFO] Updating safety params
14:42:02 [INFO] Updating optimizer params
14:42:02 [INFO] Ran TO
14:42:02 [INFO] TrajOpt: solving with Pose batch:1
14:42:02 [INFO] Updating safety params
14:42:02 [INFO] Updating optimizer params
14:42:02 [INFO] Ran TO
14:42:02 [INFO] MG: running TO
14:42:02 [INFO] TrajOpt: solving with Pose batch:1
14:42:02 [INFO] Updating safety params
14:42:02 [INFO] Updating optimizer params
14:42:02 [INFO] Ran TO
14:42:02 [INFO] TrajOpt: solving with Pose batch:1
14:42:02 [INFO] Updating safety params
14:42:02 [INFO] Updating optimizer params
14:42:02 [INFO] Ran TO
14:42:02 [INFO] Updating state_seq buffer reference (created new tensor)
14:42:03 [INFO] Updating state_seq buffer reference (created new tensor)
14:42:03 [INFO] Updating state_seq buffer reference (created new tensor)
14:42:03 [INFO] Updating state_seq buffer reference (created new tensor)
14:42:03 [INFO] Updating state_seq buffer reference (created new tensor)
14:42:03 [INFO] Updating state_seq buffer reference (created new tensor)
14:42:03 [INFO] Updating state_seq buffer reference (created new tensor)
14:42:03 [WARNING] Batch mode enable graph is only supported with num_graph_seeds==1
14:42:03 [INFO] Updating problem kernel [n_problems: 320 , num_particles: 25 ]
14:42:03 [INFO] Updating problem kernel [n_problems: 320 , num_particles: 4 ]
14:42:03 [INFO] ParallelMPPI: Updating sample set
14:42:03 [INFO] Updating safety params
14:42:03 [INFO] Cloning math.Pose
14:42:03 [INFO] Cloning JointState (breaks ref pointer)
14:42:03 [INFO] Cloning JointState (breaks ref pointer)
14:42:03 [INFO] Updating optimizer params
14:42:03 [INFO] Cloning math.Pose
14:42:03 [INFO] Cloning JointState (breaks ref pointer)
14:42:03 [INFO] Cloning JointState (breaks ref pointer)
14:42:03 [INFO] Cloning math.Pose
14:42:03 [INFO] Cloning JointState (breaks ref pointer)
14:42:03 [INFO] Cloning JointState (breaks ref pointer)
14:42:03 [INFO] Solver was not initialized, warming up solver
14:42:03 [INFO] ParticleOptBase: Creating Cuda Graph
14:42:03 [INFO] Updating state_seq buffer reference (created new tensor)
14:42:03 [INFO] Updating state_seq buffer reference (created new tensor)
14:42:04 [INFO] Updating state_seq buffer reference (created new tensor)
14:42:04 [INFO] Updating state_seq buffer reference (created new tensor)
14:42:04 [INFO] trajectory_smoothing package not found, InterpolateType.KUNZ_STILMAN_OPTIMAL is disabled. to enable, try installing curobo with pip install .[smooth]
14:42:04 [INFO] TrajOpt: solving with Pose batch:10
14:42:04 [INFO] Cloning math.Pose
14:42:04 [INFO] breaking reference
14:42:04 [INFO] Updating problem kernel [n_problems: 10 , num_particles: 25 ]
14:42:04 [INFO] Updating problem kernel [n_problems: 10 , num_particles: 4 ]
14:42:04 [INFO] Cloning math.Pose
14:42:04 [INFO] Cloning JointState (breaks ref pointer)
14:42:04 [INFO] Cloning JointState (breaks ref pointer)
14:42:04 [INFO] ParallelMPPI: Updating sample set
14:42:04 [INFO] Updating safety params
14:42:04 [INFO] Cloning math.Pose
14:42:04 [INFO] Cloning JointState (breaks ref pointer)
14:42:04 [INFO] Cloning JointState (breaks ref pointer)
14:42:04 [INFO] Updating optimizer params
14:42:04 [INFO] Cloning math.Pose
14:42:04 [INFO] Cloning JointState (breaks ref pointer)
14:42:04 [INFO] Cloning JointState (breaks ref pointer)
14:42:04 [INFO] Cloning math.Pose
14:42:04 [INFO] Cloning JointState (breaks ref pointer)
14:42:04 [INFO] Cloning JointState (breaks ref pointer)
14:42:04 [INFO] Solver was not initialized, warming up solver
14:42:04 [INFO] ParticleOptBase: Creating Cuda Graph
14:42:04 [INFO] Updating state_seq buffer reference (created new tensor)
14:42:05 [INFO] Updating state_seq buffer reference (created new tensor)
14:42:05 [INFO] Ran TO
14:42:05 [INFO] TrajOpt: solving with Pose batch:10
14:42:05 [INFO] Cloning math.Pose
14:42:05 [INFO] breaking reference
14:42:05 [INFO] Updating problem kernel [n_problems: 10 , num_particles: 4 ]
14:42:05 [INFO] Cloning math.Pose
14:42:05 [INFO] Cloning JointState (breaks ref pointer)
14:42:05 [INFO] Cloning JointState (breaks ref pointer)
14:42:05 [INFO] Updating safety params
14:42:05 [INFO] Cloning math.Pose
14:42:05 [INFO] Cloning JointState (breaks ref pointer)
14:42:05 [INFO] Cloning JointState (breaks ref pointer)
14:42:05 [INFO] Updating optimizer params
14:42:05 [INFO] Cloning math.Pose
14:42:05 [INFO] Cloning JointState (breaks ref pointer)
14:42:05 [INFO] Cloning JointState (breaks ref pointer)
14:42:05 [INFO] Solver was not initialized, warming up solver
14:42:05 [INFO] Updating state_seq buffer reference (created new tensor)
14:42:06 [INFO] Ran TO
14:42:06 [WARNING] Batch mode enable graph is only supported with num_graph_seeds==1
14:42:06 [INFO] Updating safety params
14:42:06 [INFO] Cloning JointState (breaks ref pointer)
14:42:06 [INFO] Cloning JointState (breaks ref pointer)
14:42:06 [INFO] Updating optimizer params
14:42:06 [INFO] Cloning JointState (breaks ref pointer)
14:42:06 [INFO] Cloning JointState (breaks ref pointer)
14:42:06 [INFO] Cloning JointState (breaks ref pointer)
14:42:06 [INFO] Cloning JointState (breaks ref pointer)
14:42:06 [INFO] Updating state_seq buffer reference (created new tensor)
14:42:06 [INFO] Updating state_seq buffer reference (created new tensor)
14:42:06 [INFO] trajectory_smoothing package not found, InterpolateType.KUNZ_STILMAN_OPTIMAL is disabled. to enable, try installing curobo with pip install .[smooth]
14:42:06 [INFO] TrajOpt: solving with Pose batch:10
14:42:06 [INFO] Updating safety params
14:42:06 [INFO] Updating optimizer params
14:42:06 [INFO] Ran TO
14:42:06 [INFO] TrajOpt: solving with Pose batch:10
14:42:06 [INFO] Updating safety params
14:42:06 [INFO] Updating optimizer params
14:42:06 [INFO] Ran TO
14:42:06 [WARNING] Batch mode enable graph is only supported with num_graph_seeds==1
14:42:06 [INFO] Updating safety params
14:42:06 [INFO] Updating optimizer params
14:42:07 [INFO] Updating state_seq buffer reference (created new tensor)
14:42:07 [INFO] Updating state_seq buffer reference (created new tensor)
14:42:07 [INFO] trajectory_smoothing package not found, InterpolateType.KUNZ_STILMAN_OPTIMAL is disabled. to enable, try installing curobo with pip install .[smooth]
14:42:07 [INFO] TrajOpt: solving with Pose batch:10
14:42:07 [INFO] Updating safety params
14:42:07 [INFO] Updating optimizer params
14:42:07 [INFO] Ran TO
14:42:07 [INFO] TrajOpt: solving with Pose batch:10
14:42:07 [INFO] Updating safety params
14:42:07 [INFO] Updating optimizer params
14:42:07 [INFO] Ran TO
14:42:07 [INFO] Warmup complete
14:42:07 [INFO] Self Collision threads, skipped %: 60.67307692307692
14:42:07 [INFO] Self Collision count: 818.0
14:42:07 [INFO] Self Collision per thread: 0.798828125
14:42:07 [INFO] Self Collision using: 2
14:42:07 [INFO] Creating Obb cache1
14:42:07 [INFO] *******USING EXISTING COLLISION CHECKER***********
14:42:07 [INFO] *******USING EXISTING COLLISION CHECKER***********
14:42:07 [INFO] *******USING EXISTING COLLISION CHECKER***********
14:42:07 [INFO] *******USING EXISTING COLLISION CHECKER***********
14:42:07 [INFO] breaking reference
14:42:07 [INFO] breaking reference
14:42:07 [INFO] breaking reference
14:42:07 [INFO] breaking reference
14:42:07 [INFO] Updating problem kernel [n_problems: 1 , num_particles: 25 ]
14:42:07 [INFO] ParallelMPPI: Updating sample set
14:42:07 [INFO] ParallelMPPI: Resetting sample iterations
14:42:07 [INFO] Updating problem kernel [n_problems: 1 , num_particles: 4 ]
14:42:07 [INFO] Updating problem kernel [n_problems: 1 , num_particles: 4 ]
14:42:07 [INFO] Using cuda graph for metrics is experimental. If you encounter CUDA errors,                     please disable it.
14:42:07 [INFO] Using cuda graph for metrics is experimental. If you encounter CUDA errors,                     please disable it.
14:42:07 [INFO] *******USING EXISTING COLLISION CHECKER***********
14:42:07 [INFO] *******USING EXISTING COLLISION CHECKER***********
14:42:07 [INFO] *******USING EXISTING COLLISION CHECKER***********
14:42:07 [INFO] *******USING EXISTING COLLISION CHECKER***********
14:42:07 [INFO] *******USING EXISTING COLLISION CHECKER***********
14:42:07 [INFO] *******USING EXISTING COLLISION CHECKER***********
14:42:07 [INFO] *******USING EXISTING COLLISION CHECKER***********
14:42:07 [INFO] breaking reference
14:42:07 [INFO] breaking reference
14:42:07 [INFO] breaking reference
14:42:07 [INFO] breaking reference
14:42:07 [INFO] breaking reference
14:42:07 [INFO] Updating problem kernel [n_problems: 1 , num_particles: 25 ]
14:42:07 [INFO] ParallelMPPI: Updating sample set
14:42:07 [INFO] ParallelMPPI: Resetting sample iterations
14:42:07 [INFO] Updating problem kernel [n_problems: 1 , num_particles: 4 ]
14:42:07 [INFO] Updating problem kernel [n_problems: 1 , num_particles: 4 ]
14:42:07 [INFO] *******USING EXISTING COLLISION CHECKER***********
14:42:07 [INFO] *******USING EXISTING COLLISION CHECKER***********
14:42:07 [INFO] *******USING EXISTING COLLISION CHECKER***********
14:42:07 [INFO] *******USING EXISTING COLLISION CHECKER***********
14:42:07 [INFO] *******USING EXISTING COLLISION CHECKER***********
14:42:07 [INFO] breaking reference
14:42:07 [INFO] breaking reference
14:42:07 [INFO] breaking reference
14:42:07 [INFO] breaking reference
14:42:07 [INFO] breaking reference
14:42:07 [INFO] Updating problem kernel [n_problems: 1 , num_particles: 25 ]
14:42:07 [INFO] ParallelMPPI: Updating sample set
14:42:07 [INFO] ParallelMPPI: Resetting sample iterations
14:42:07 [INFO] Updating problem kernel [n_problems: 1 , num_particles: 4 ]
14:42:07 [INFO] Updating problem kernel [n_problems: 1 , num_particles: 4 ]
14:42:07 [INFO] *******USING EXISTING COLLISION CHECKER***********
14:42:07 [INFO] *******USING EXISTING COLLISION CHECKER***********
14:42:07 [INFO] *******USING EXISTING COLLISION CHECKER***********
14:42:07 [INFO] *******USING EXISTING COLLISION CHECKER***********
14:42:07 [INFO] *******USING EXISTING COLLISION CHECKER***********
14:42:07 [INFO] breaking reference
14:42:07 [INFO] breaking reference
14:42:07 [INFO] breaking reference
14:42:07 [INFO] breaking reference
14:42:07 [INFO] Updating problem kernel [n_problems: 1 , num_particles: 4 ]
14:42:07 [INFO] Updating problem kernel [n_problems: 1 , num_particles: 4 ]
14:42:07 [INFO] Updating problem kernel [n_problems: 2 , num_particles: 4 ]
14:42:07 [INFO] *******USING EXISTING COLLISION CHECKER***********
14:42:07 [INFO] *******USING EXISTING COLLISION CHECKER***********
14:42:07 [INFO] *******USING EXISTING COLLISION CHECKER***********
14:42:07 [INFO] *******USING EXISTING COLLISION CHECKER***********
14:42:07 [INFO] *******USING EXISTING COLLISION CHECKER***********
14:42:07 [INFO] breaking reference
14:42:07 [INFO] breaking reference
14:42:07 [INFO] breaking reference
14:42:07 [INFO] breaking reference
14:42:07 [INFO] Updating problem kernel [n_problems: 1 , num_particles: 4 ]
14:42:07 [INFO] Updating problem kernel [n_problems: 1 , num_particles: 4 ]
14:42:07 [INFO] Warmup
14:42:07 [INFO] MG: running TO
14:42:07 [INFO] TrajOpt: solving with Pose batch:1
14:42:07 [INFO] breaking reference
14:42:07 [INFO] breaking reference
14:42:07 [INFO] breaking reference
14:42:07 [INFO] Updating safety params
14:42:07 [INFO] breaking reference
14:42:07 [INFO] Updating optimizer params
14:42:07 [INFO] breaking reference
14:42:07 [INFO] breaking reference
14:42:07 [INFO] Solver was not initialized, warming up solver
14:42:07 [INFO] ParticleOptBase: Creating Cuda Graph
14:42:07 [INFO] Updating state_seq buffer reference (created new tensor)
14:42:07 [INFO] Updating state_seq buffer reference (created new tensor)
14:42:08 [INFO] Ran TO
14:42:08 [INFO] TrajOpt: solving with Pose batch:1
14:42:08 [INFO] breaking reference
14:42:08 [INFO] breaking reference
14:42:08 [INFO] breaking reference
14:42:08 [INFO] Updating safety params
14:42:08 [INFO] breaking reference
14:42:08 [INFO] Updating optimizer params
14:42:08 [INFO] breaking reference
14:42:08 [INFO] Solver was not initialized, warming up solver
14:42:08 [INFO] Updating state_seq buffer reference (created new tensor)
14:42:09 [INFO] Ran TO
14:42:09 [INFO] MG: running TO
14:42:09 [INFO] TrajOpt: solving with Pose batch:1
14:42:09 [INFO] Updating safety params
14:42:09 [INFO] Updating optimizer params
14:42:09 [INFO] Ran TO
14:42:09 [INFO] TrajOpt: solving with Pose batch:1
14:42:09 [INFO] Updating safety params
14:42:09 [INFO] Updating optimizer params
14:42:09 [INFO] Ran TO
14:42:09 [INFO] MG: running TO
14:42:09 [INFO] TrajOpt: solving with Pose batch:1
14:42:09 [INFO] Updating safety params
14:42:09 [INFO] Updating optimizer params
14:42:09 [INFO] Ran TO
14:42:09 [INFO] TrajOpt: solving with Pose batch:1
14:42:09 [INFO] Updating safety params
14:42:09 [INFO] Updating optimizer params
14:42:09 [INFO] Ran TO
14:42:09 [INFO] Updating state_seq buffer reference (created new tensor)
14:42:09 [INFO] Updating state_seq buffer reference (created new tensor)
14:42:09 [INFO] Updating state_seq buffer reference (created new tensor)
14:42:09 [INFO] Updating state_seq buffer reference (created new tensor)
14:42:09 [INFO] Updating state_seq buffer reference (created new tensor)
14:42:09 [INFO] Updating state_seq buffer reference (created new tensor)
14:42:09 [INFO] Updating state_seq buffer reference (created new tensor)
14:42:09 [INFO] Planning for Single Goal: 1
14:42:09 [INFO] Updating state_seq buffer reference (created new tensor)
14:42:09 [INFO] MG Iter: 0
14:42:09 [INFO] Updating problem kernel [n_problems: 32 , num_particles: 25 ]
14:42:09 [INFO] Updating problem kernel [n_problems: 32 , num_particles: 4 ]
14:42:09 [INFO] ParallelMPPI: Updating sample set
14:42:09 [INFO] Updating safety params
14:42:09 [INFO] Cloning math.Pose
14:42:09 [INFO] Updating optimizer params
14:42:09 [INFO] Cloning math.Pose
14:42:09 [INFO] Cloning math.Pose
14:42:09 [INFO] Solver was not initialized, warming up solver
14:42:09 [INFO] ParticleOptBase: Creating Cuda Graph
14:42:09 [INFO] Updating state_seq buffer reference (created new tensor)
14:42:09 [INFO] Updating state_seq buffer reference (created new tensor)
14:42:10 [INFO] MG: running TO
14:42:10 [INFO] TrajOpt: solving with Pose batch:1
14:42:10 [INFO] Cloning math.Pose
14:42:10 [INFO] breaking reference
14:42:10 [INFO] Cloning math.Pose
14:42:10 [INFO] Updating safety params
14:42:10 [INFO] Cloning math.Pose
14:42:10 [INFO] Updating optimizer params
14:42:10 [INFO] Cloning math.Pose
14:42:10 [INFO] Cloning math.Pose
14:42:10 [INFO] Solver was not initialized, warming up solver
14:42:10 [INFO] ParticleOptBase: Creating Cuda Graph
14:42:10 [INFO] Updating state_seq buffer reference (created new tensor)
14:42:11 [INFO] Updating state_seq buffer reference (created new tensor)
14:42:11 [INFO] Ran TO
14:42:11 [INFO] TrajOpt: solving with Pose batch:1
14:42:11 [INFO] Cloning math.Pose
14:42:11 [INFO] breaking reference
14:42:11 [INFO] Updating problem kernel [n_problems: 1 , num_particles: 4 ]
14:42:11 [INFO] Cloning math.Pose
14:42:11 [INFO] Updating safety params
14:42:11 [INFO] Cloning math.Pose
14:42:11 [INFO] Updating optimizer params
14:42:11 [INFO] Cloning math.Pose
14:42:11 [INFO] Solver was not initialized, warming up solver
14:42:11 [INFO] Updating state_seq buffer reference (created new tensor)
14:42:12 [INFO] Ran TO
14:42:12 [INFO] Planning for Single Goal: 1
14:42:12 [INFO] MG Iter: 0
14:42:12 [INFO] Updating safety params
14:42:12 [INFO] Cloning JointState (breaks ref pointer)
14:42:12 [INFO] Cloning JointState (breaks ref pointer)
14:42:12 [INFO] Updating optimizer params
14:42:12 [INFO] Cloning JointState (breaks ref pointer)
14:42:12 [INFO] Cloning JointState (breaks ref pointer)
14:42:12 [INFO] Cloning JointState (breaks ref pointer)
14:42:12 [INFO] Cloning JointState (breaks ref pointer)
14:42:12 [INFO] MG: running TO
14:42:12 [INFO] TrajOpt: solving with Pose batch:1
14:42:12 [INFO] Updating safety params
14:42:12 [INFO] Updating optimizer params
14:42:12 [INFO] Ran TO
14:42:12 [INFO] TrajOpt: solving with Pose batch:1
14:42:12 [INFO] Updating safety params
14:42:12 [INFO] Updating optimizer params
14:42:12 [INFO] Ran TO
14:42:12 [INFO] Planning for Single Goal: 1
14:42:12 [INFO] MG Iter: 0
14:42:12 [INFO] Updating safety params
14:42:12 [INFO] Updating optimizer params
14:42:12 [INFO] MG: running TO
14:42:12 [INFO] TrajOpt: solving with Pose batch:1
14:42:12 [INFO] Updating safety params
14:42:12 [INFO] Updating optimizer params
14:42:12 [INFO] Ran TO
14:42:12 [INFO] TrajOpt: solving with Pose batch:1
14:42:12 [INFO] Updating safety params
14:42:12 [INFO] Updating optimizer params
14:42:12 [INFO] Ran TO
14:42:12 [INFO] Planning for Single Goal: 1
14:42:12 [INFO] MG Iter: 0
14:42:12 [INFO] Updating safety params
14:42:12 [INFO] Updating optimizer params
14:42:12 [INFO] MG: running GP
14:42:12 [INFO] Updating state_seq buffer reference (created new tensor)
14:42:12 [INFO] trajectory_smoothing package not found, InterpolateType.KUNZ_STILMAN_OPTIMAL is disabled. to enable, try installing curobo with pip install .[smooth]
14:42:12 [INFO] MG: GP Success
14:42:12 [INFO] MG: running TO
14:42:12 [INFO] TrajOpt: solving with Pose batch:1
14:42:12 [INFO] Updating safety params
14:42:12 [INFO] Updating optimizer params
14:42:12 [INFO] Ran TO
14:42:12 [INFO] TrajOpt: solving with Pose batch:1
14:42:12 [INFO] Updating safety params
14:42:12 [INFO] Updating optimizer params
14:42:12 [INFO] Ran TO
14:42:12 [INFO] Warmup complete
14:42:12 [INFO] Self Collision threads, skipped %: 60.67307692307692
14:42:12 [INFO] Self Collision count: 818.0
14:42:12 [INFO] Self Collision per thread: 0.798828125
14:42:12 [INFO] Self Collision using: 2
14:42:12 [INFO] Creating Obb cache1
14:42:12 [INFO] *******USING EXISTING COLLISION CHECKER***********
14:42:12 [INFO] *******USING EXISTING COLLISION CHECKER***********
14:42:12 [INFO] *******USING EXISTING COLLISION CHECKER***********
14:42:12 [INFO] *******USING EXISTING COLLISION CHECKER***********
14:42:12 [INFO] breaking reference
14:42:12 [INFO] breaking reference
14:42:12 [INFO] breaking reference
14:42:12 [INFO] breaking reference
14:42:12 [INFO] Updating problem kernel [n_problems: 1 , num_particles: 25 ]
14:42:12 [INFO] ParallelMPPI: Updating sample set
14:42:12 [INFO] ParallelMPPI: Resetting sample iterations
14:42:12 [INFO] Updating problem kernel [n_problems: 1 , num_particles: 4 ]
14:42:12 [INFO] Updating problem kernel [n_problems: 1 , num_particles: 4 ]
14:42:12 [INFO] Using cuda graph for metrics is experimental. If you encounter CUDA errors,                     please disable it.
14:42:12 [INFO] Using cuda graph for metrics is experimental. If you encounter CUDA errors,                     please disable it.
14:42:12 [INFO] *******USING EXISTING COLLISION CHECKER***********
14:42:12 [INFO] *******USING EXISTING COLLISION CHECKER***********
14:42:12 [INFO] *******USING EXISTING COLLISION CHECKER***********
14:42:12 [INFO] *******USING EXISTING COLLISION CHECKER***********
14:42:12 [INFO] *******USING EXISTING COLLISION CHECKER***********
14:42:12 [INFO] *******USING EXISTING COLLISION CHECKER***********
14:42:12 [INFO] *******USING EXISTING COLLISION CHECKER***********
14:42:12 [INFO] breaking reference
14:42:12 [INFO] breaking reference
14:42:12 [INFO] breaking reference
14:42:12 [INFO] breaking reference
14:42:12 [INFO] breaking reference
14:42:12 [INFO] Updating problem kernel [n_problems: 1 , num_particles: 25 ]
14:42:12 [INFO] ParallelMPPI: Updating sample set
14:42:12 [INFO] ParallelMPPI: Resetting sample iterations
14:42:12 [INFO] Updating problem kernel [n_problems: 1 , num_particles: 4 ]
14:42:12 [INFO] Updating problem kernel [n_problems: 1 , num_particles: 4 ]
14:42:12 [INFO] *******USING EXISTING COLLISION CHECKER***********
14:42:12 [INFO] *******USING EXISTING COLLISION CHECKER***********
14:42:12 [INFO] *******USING EXISTING COLLISION CHECKER***********
14:42:12 [INFO] *******USING EXISTING COLLISION CHECKER***********
14:42:12 [INFO] *******USING EXISTING COLLISION CHECKER***********
14:42:12 [INFO] breaking reference
14:42:12 [INFO] breaking reference
14:42:12 [INFO] breaking reference
14:42:12 [INFO] breaking reference
14:42:12 [INFO] breaking reference
14:42:12 [INFO] Updating problem kernel [n_problems: 1 , num_particles: 25 ]
14:42:12 [INFO] ParallelMPPI: Updating sample set
14:42:12 [INFO] ParallelMPPI: Resetting sample iterations
14:42:12 [INFO] Updating problem kernel [n_problems: 1 , num_particles: 4 ]
14:42:12 [INFO] Updating problem kernel [n_problems: 1 , num_particles: 4 ]
14:42:12 [INFO] *******USING EXISTING COLLISION CHECKER***********
14:42:12 [INFO] *******USING EXISTING COLLISION CHECKER***********
14:42:12 [INFO] *******USING EXISTING COLLISION CHECKER***********
14:42:12 [INFO] *******USING EXISTING COLLISION CHECKER***********
14:42:12 [INFO] *******USING EXISTING COLLISION CHECKER***********
14:42:12 [INFO] breaking reference
14:42:12 [INFO] breaking reference
14:42:12 [INFO] breaking reference
14:42:12 [INFO] breaking reference
14:42:12 [INFO] Updating problem kernel [n_problems: 1 , num_particles: 4 ]
14:42:12 [INFO] Updating problem kernel [n_problems: 1 , num_particles: 4 ]
14:42:12 [INFO] Updating problem kernel [n_problems: 2 , num_particles: 4 ]
14:42:12 [INFO] *******USING EXISTING COLLISION CHECKER***********
14:42:12 [INFO] *******USING EXISTING COLLISION CHECKER***********
14:42:12 [INFO] *******USING EXISTING COLLISION CHECKER***********
14:42:12 [INFO] *******USING EXISTING COLLISION CHECKER***********
14:42:12 [INFO] *******USING EXISTING COLLISION CHECKER***********
14:42:12 [INFO] breaking reference
14:42:12 [INFO] breaking reference
14:42:12 [INFO] breaking reference
14:42:12 [INFO] breaking reference
14:42:12 [INFO] Updating problem kernel [n_problems: 1 , num_particles: 4 ]
14:42:12 [INFO] Updating problem kernel [n_problems: 1 , num_particles: 4 ]
14:42:12 [INFO] Warmup
14:42:12 [INFO] MG: running TO
14:42:12 [INFO] TrajOpt: solving with Pose batch:1
14:42:12 [INFO] breaking reference
14:42:12 [INFO] breaking reference
14:42:12 [INFO] breaking reference
14:42:12 [INFO] Updating safety params
14:42:12 [INFO] breaking reference
14:42:12 [INFO] Updating optimizer params
14:42:12 [INFO] breaking reference
14:42:12 [INFO] breaking reference
14:42:12 [INFO] Solver was not initialized, warming up solver
14:42:12 [INFO] ParticleOptBase: Creating Cuda Graph
14:42:12 [INFO] Updating state_seq buffer reference (created new tensor)
14:42:13 [INFO] Updating state_seq buffer reference (created new tensor)
14:42:13 [INFO] Ran TO
14:42:13 [INFO] TrajOpt: solving with Pose batch:1
14:42:13 [INFO] breaking reference
14:42:13 [INFO] breaking reference
14:42:13 [INFO] breaking reference
14:42:13 [INFO] Updating safety params
14:42:13 [INFO] breaking reference
14:42:13 [INFO] Updating optimizer params
14:42:13 [INFO] breaking reference
14:42:13 [INFO] Solver was not initialized, warming up solver
14:42:13 [INFO] Updating state_seq buffer reference (created new tensor)
14:42:14 [INFO] Ran TO
14:42:14 [INFO] MG: running TO
14:42:14 [INFO] TrajOpt: solving with Pose batch:1
14:42:14 [INFO] Updating safety params
14:42:14 [INFO] Updating optimizer params
14:42:14 [INFO] Ran TO
14:42:14 [INFO] TrajOpt: solving with Pose batch:1
14:42:14 [INFO] Updating safety params
14:42:14 [INFO] Updating optimizer params
14:42:14 [INFO] Ran TO
14:42:14 [INFO] MG: running TO
14:42:14 [INFO] TrajOpt: solving with Pose batch:1
14:42:14 [INFO] Updating safety params
14:42:14 [INFO] Updating optimizer params
14:42:14 [INFO] Ran TO
14:42:14 [INFO] TrajOpt: solving with Pose batch:1
14:42:14 [INFO] Updating safety params
14:42:14 [INFO] Updating optimizer params
14:42:14 [INFO] Ran TO
14:42:14 [INFO] Updating state_seq buffer reference (created new tensor)
14:42:14 [INFO] Updating state_seq buffer reference (created new tensor)
14:42:14 [INFO] Updating state_seq buffer reference (created new tensor)
14:42:14 [INFO] Updating state_seq buffer reference (created new tensor)
14:42:14 [INFO] Updating state_seq buffer reference (created new tensor)
14:42:14 [INFO] Updating state_seq buffer reference (created new tensor)
14:42:14 [INFO] Updating state_seq buffer reference (created new tensor)
14:42:14 [WARNING] Batch mode enable graph is only supported with num_graph_seeds==1
14:42:14 [INFO] Updating problem kernel [n_problems: 320 , num_particles: 25 ]
14:42:14 [INFO] Updating problem kernel [n_problems: 320 , num_particles: 4 ]
14:42:14 [INFO] ParallelMPPI: Updating sample set
14:42:14 [INFO] Updating safety params
14:42:14 [INFO] Cloning math.Pose
14:42:14 [INFO] Cloning JointState (breaks ref pointer)
14:42:14 [INFO] Cloning JointState (breaks ref pointer)
14:42:14 [INFO] Updating optimizer params
14:42:14 [INFO] Cloning math.Pose
14:42:14 [INFO] Cloning JointState (breaks ref pointer)
14:42:14 [INFO] Cloning JointState (breaks ref pointer)
14:42:14 [INFO] Cloning math.Pose
14:42:14 [INFO] Cloning JointState (breaks ref pointer)
14:42:14 [INFO] Cloning JointState (breaks ref pointer)
14:42:14 [INFO] Solver was not initialized, warming up solver
14:42:14 [INFO] ParticleOptBase: Creating Cuda Graph
14:42:14 [INFO] Updating state_seq buffer reference (created new tensor)
14:42:15 [INFO] Updating state_seq buffer reference (created new tensor)
14:42:16 [INFO] Updating state_seq buffer reference (created new tensor)
14:42:16 [INFO] Updating state_seq buffer reference (created new tensor)
14:42:16 [INFO] trajectory_smoothing package not found, InterpolateType.KUNZ_STILMAN_OPTIMAL is disabled. to enable, try installing curobo with pip install .[smooth]
14:42:16 [INFO] TrajOpt: solving with Pose batch:10
14:42:16 [INFO] Cloning math.Pose
14:42:16 [INFO] breaking reference
14:42:16 [INFO] Updating problem kernel [n_problems: 10 , num_particles: 25 ]
14:42:16 [INFO] Updating problem kernel [n_problems: 10 , num_particles: 4 ]
14:42:16 [INFO] Cloning math.Pose
14:42:16 [INFO] Cloning JointState (breaks ref pointer)
14:42:16 [INFO] Cloning JointState (breaks ref pointer)
14:42:16 [INFO] ParallelMPPI: Updating sample set
14:42:16 [INFO] Updating safety params
14:42:16 [INFO] Cloning math.Pose
14:42:16 [INFO] Cloning JointState (breaks ref pointer)
14:42:16 [INFO] Cloning JointState (breaks ref pointer)
14:42:16 [INFO] Updating optimizer params
14:42:16 [INFO] Cloning math.Pose
14:42:16 [INFO] Cloning JointState (breaks ref pointer)
14:42:16 [INFO] Cloning JointState (breaks ref pointer)
14:42:16 [INFO] Cloning math.Pose
14:42:16 [INFO] Cloning JointState (breaks ref pointer)
14:42:16 [INFO] Cloning JointState (breaks ref pointer)
14:42:16 [INFO] Solver was not initialized, warming up solver
14:42:16 [INFO] ParticleOptBase: Creating Cuda Graph
14:42:16 [INFO] Updating state_seq buffer reference (created new tensor)
14:42:16 [INFO] Updating state_seq buffer reference (created new tensor)
14:42:17 [INFO] Ran TO
14:42:17 [INFO] TrajOpt: solving with Pose batch:10
14:42:17 [INFO] Cloning math.Pose
14:42:17 [INFO] breaking reference
14:42:17 [INFO] Updating problem kernel [n_problems: 10 , num_particles: 4 ]
14:42:17 [INFO] Cloning math.Pose
14:42:17 [INFO] Cloning JointState (breaks ref pointer)
14:42:17 [INFO] Cloning JointState (breaks ref pointer)
14:42:17 [INFO] Updating safety params
14:42:17 [INFO] Cloning math.Pose
14:42:17 [INFO] Cloning JointState (breaks ref pointer)
14:42:17 [INFO] Cloning JointState (breaks ref pointer)
14:42:17 [INFO] Updating optimizer params
14:42:17 [INFO] Cloning math.Pose
14:42:17 [INFO] Cloning JointState (breaks ref pointer)
14:42:17 [INFO] Cloning JointState (breaks ref pointer)
14:42:17 [INFO] Solver was not initialized, warming up solver
14:42:17 [INFO] Updating state_seq buffer reference (created new tensor)
14:42:17 [INFO] Ran TO
14:42:17 [WARNING] Batch mode enable graph is only supported with num_graph_seeds==1
14:42:17 [INFO] Updating safety params
14:42:17 [INFO] Cloning JointState (breaks ref pointer)
14:42:17 [INFO] Cloning JointState (breaks ref pointer)
14:42:17 [INFO] Updating optimizer params
14:42:17 [INFO] Cloning JointState (breaks ref pointer)
14:42:17 [INFO] Cloning JointState (breaks ref pointer)
14:42:17 [INFO] Cloning JointState (breaks ref pointer)
14:42:17 [INFO] Cloning JointState (breaks ref pointer)
14:42:17 [INFO] Updating state_seq buffer reference (created new tensor)
14:42:17 [INFO] Updating state_seq buffer reference (created new tensor)
14:42:17 [INFO] trajectory_smoothing package not found, InterpolateType.KUNZ_STILMAN_OPTIMAL is disabled. to enable, try installing curobo with pip install .[smooth]
14:42:17 [INFO] TrajOpt: solving with Pose batch:10
14:42:17 [INFO] Updating safety params
14:42:17 [INFO] Updating optimizer params
14:42:17 [INFO] Ran TO
14:42:17 [INFO] TrajOpt: solving with Pose batch:10
14:42:17 [INFO] Updating safety params
14:42:17 [INFO] Updating optimizer params
14:42:17 [INFO] Ran TO
14:42:17 [WARNING] Batch mode enable graph is only supported with num_graph_seeds==1
14:42:17 [INFO] Updating safety params
14:42:17 [INFO] Updating optimizer params
14:42:17 [INFO] Updating state_seq buffer reference (created new tensor)
14:42:17 [INFO] Updating state_seq buffer reference (created new tensor)
14:42:17 [INFO] trajectory_smoothing package not found, InterpolateType.KUNZ_STILMAN_OPTIMAL is disabled. to enable, try installing curobo with pip install .[smooth]
14:42:17 [INFO] TrajOpt: solving with Pose batch:10
14:42:17 [INFO] Updating safety params
14:42:17 [INFO] Updating optimizer params
14:42:17 [INFO] Ran TO
14:42:17 [INFO] TrajOpt: solving with Pose batch:10
14:42:17 [INFO] Updating safety params
14:42:17 [INFO] Updating optimizer params
14:42:18 [INFO] Ran TO
14:42:18 [INFO] Warmup complete
14:42:18 [INFO]     [3/5] Loading cameras...
Traceback (most recent call last):
  File "/mnt/data2/ty/F1-VLA/RoboTwin/script/train_teacher_rl.py", line 670, in <module>
    main()
  File "/mnt/data2/ty/F1-VLA/RoboTwin/script/train_teacher_rl.py", line 658, in main
    trainer.train(
  File "/mnt/data2/ty/F1-VLA/RoboTwin/script/train_teacher_rl.py", line 436, in train
    transitions = self.collect_episode()
  File "/mnt/data2/ty/F1-VLA/RoboTwin/script/train_teacher_rl.py", line 275, in collect_episode
    obs, info = self.env.reset()
  File "/mnt/data2/ty/F1-VLA/RoboTwin/envs/rl/f1_rl_env.py", line 425, in reset
    self.task.setup_demo(**config)
  File "/mnt/data2/ty/F1-VLA/RoboTwin/envs/tasks/random_exploration.py", line 100, in setup_demo
    super()._init_task_env_(**kwargs)
  File "/mnt/data2/ty/F1-VLA/RoboTwin/envs/_base_task.py", line 129, in _init_task_env_
    self.load_camera(**kwags)
  File "/mnt/data2/ty/F1-VLA/RoboTwin/envs/_base_task.py", line 432, in load_camera
    self.cameras = Camera(
  File "/mnt/data2/ty/F1-VLA/RoboTwin/envs/camera/camera.py", line 55, in __init__
    self.head_camera_type = kwags["camera"].get("head_camera_type", "D435")
KeyError: 'camera'
